[debug] [2025-04-24T17:02:32.342Z] ----------------------------------------------------------------------
[debug] [2025-04-24T17:02:32.344Z] Command:       /opt/homebrew/Cellar/node/22.6.0/bin/node /opt/homebrew/bin/firebase init firestore
[debug] [2025-04-24T17:02:32.344Z] CLI Version:   13.32.0
[debug] [2025-04-24T17:02:32.345Z] Platform:      darwin
[debug] [2025-04-24T17:02:32.345Z] Node Version:  v22.6.0
[debug] [2025-04-24T17:02:32.345Z] Time:          Thu Apr 24 2025 13:02:32 GMT-0400 (Eastern Daylight Time)
[debug] [2025-04-24T17:02:32.345Z] ----------------------------------------------------------------------
[debug] 
[debug] [2025-04-24T17:02:32.350Z] > command requires scopes: ["email","openid","https://www.googleapis.com/auth/cloudplatformprojects.readonly","https://www.googleapis.com/auth/firebase","https://www.googleapis.com/auth/cloud-platform"]
[debug] [2025-04-24T17:02:32.350Z] > authorizing via signed-in user (ceo@webrend.com)
[info] 
     ######## #### ########  ######## ########     ###     ######  ########
     ##        ##  ##     ## ##       ##     ##  ##   ##  ##       ##
     ######    ##  ########  ######   ########  #########  ######  ######
     ##        ##  ##    ##  ##       ##     ## ##     ##       ## ##
     ##       #### ##     ## ######## ########  ##     ##  ######  ########

You're about to initialize a Firebase project in this directory:

  /Users/kevin/Documents/GitHub/WebRend.com

[info] 
=== Project Setup
[info] 
[info] First, let's associate this project directory with a Firebase project.
[info] You can create multiple project aliases by running firebase use --add, 
[info] but for now we'll just set up a default project.
[info] 
