[2025-05-12T02:35:29.693Z] Initial run: Starting article generation on startup...
[2025-05-12T02:35:29.703Z] Cron job started. Will run daily at 8:00 AM Pacific Time.
[2025-05-12T02:35:29.703Z] Keep this process running to maintain the schedule.
[2025-05-12T02:35:29.703Z] Press Ctrl+C to stop.
[2025-05-12T02:35:30.698Z] Starting scheduled article generation...
[2025-05-12T02:35:31.595Z] Error running article generator: Command failed: node --loader ts-node/esm /Users/kevin/Documents/GitHub/WebRend.com/webrend/scripts/scheduler.ts once --force
[2025-05-12T02:35:31.596Z] Initial startup complete - marked with flag file
[2025-05-12T02:35:31.596Z] Initial article generation completed, setting up scheduled job...
[2025-05-12T02:35:31.596Z] Received SIGINT signal. Shutting down cron job...
[2025-05-12T02:36:34.921Z] Initial run: Starting article generation on startup...
[2025-05-12T02:36:34.928Z] Cron job started. Will run daily at 8:00 AM Pacific Time.
[2025-05-12T02:36:34.928Z] Keep this process running to maintain the schedule.
[2025-05-12T02:36:34.928Z] Press Ctrl+C to stop.
[2025-05-12T02:36:35.923Z] Starting scheduled article generation...
[2025-05-12T02:37:28.167Z] Article generation completed successfully
[2025-05-12T02:37:28.168Z] Initial startup complete - marked with flag file
[2025-05-12T02:37:28.169Z] Initial article generation completed, setting up scheduled job...
[2025-05-12T03:27:23.244Z] Received SIGINT signal. Shutting down cron job...
[2025-05-12T03:27:59.767Z] Article generation already ran today or this is not the first startup, skipping initial run
[2025-05-12T03:27:59.775Z] Cron job started. Will run daily at 8:00 AM Pacific Time.
[2025-05-12T03:27:59.775Z] Keep this process running to maintain the schedule.
[2025-05-12T03:27:59.775Z] Press Ctrl+C to stop.
[2025-05-12T03:29:40.831Z] Received SIGINT signal. Shutting down cron job...
[2025-05-12T03:29:43.291Z] Article generation already ran today or this is not the first startup, skipping initial run
[2025-05-12T03:29:43.299Z] Cron job started. Will run daily at 8:00 AM Pacific Time.
[2025-05-12T03:29:43.299Z] Keep this process running to maintain the schedule.
[2025-05-12T03:29:43.299Z] Press Ctrl+C to stop.
[2025-05-12T03:31:37.013Z] Received SIGINT signal. Shutting down cron job...
[2025-05-12T03:31:42.297Z] Article generation already ran today or this is not the first startup, skipping initial run
[2025-05-12T03:31:42.304Z] Cron job started. Will run daily at 8:00 AM Pacific Time.
[2025-05-12T03:31:42.304Z] Keep this process running to maintain the schedule.
[2025-05-12T03:31:42.305Z] Press Ctrl+C to stop.
