[2025-04-23T21:12:09.835Z] Starting Next.js application...
[2025-04-23T21:12:09.846Z] Starting article generation cron job...
[2025-04-23T21:12:09.847Z] All services started successfully. Press Ctrl+C to stop all services.
[2025-04-23T21:16:55.991Z] Received SIGINT signal. Shutting down all processes...
[2025-04-23T21:16:55.993Z] Received SIGINT signal. Shutting down all processes...
[2025-04-23T21:16:55.996Z] Cron job process exited with code 0
[2025-04-23T21:16:56.088Z] Next.js process exited with code 0
[2025-04-23T21:17:51.536Z] Starting Next.js application...
[2025-04-23T21:17:51.547Z] Starting article generation cron job...
[2025-04-23T21:17:51.547Z] All services started successfully. Press Ctrl+C to stop all services.
[2025-04-23T21:23:01.786Z] Received SIGINT signal. Shutting down all processes...
[2025-04-23T21:23:01.790Z] Received SIGINT signal. Shutting down all processes...
[2025-04-23T21:23:01.794Z] Cron job process exited with code 0
[2025-04-23T21:23:01.860Z] Next.js process exited with code 0
[2025-04-23T21:23:05.500Z] Starting Next.js application...
[2025-04-23T21:23:05.512Z] Starting article generation cron job...
[2025-04-23T21:23:05.512Z] All services started successfully. Press Ctrl+C to stop all services.
[2025-04-23T21:30:11.206Z] Received SIGINT signal. Shutting down all processes...
[2025-04-23T21:30:11.209Z] Received SIGINT signal. Shutting down all processes...
[2025-04-23T21:30:11.214Z] Cron job process exited with code 0
[2025-04-23T21:30:11.298Z] Next.js process exited with code 0
[2025-04-23T21:31:04.873Z] Starting Next.js application...
[2025-04-23T21:31:04.898Z] Starting article generation cron job...
[2025-04-23T21:31:04.899Z] All services started successfully. Press Ctrl+C to stop all services.
[2025-04-23T21:35:50.691Z] Received SIGINT signal. Shutting down all processes...
[2025-04-23T21:35:50.693Z] Received SIGINT signal. Shutting down all processes...
[2025-04-23T21:35:50.697Z] Cron job process exited with code 0
[2025-04-23T21:35:50.788Z] Next.js process exited with code 0
[2025-04-23T21:38:46.374Z] Starting Next.js application...
[2025-04-23T21:38:46.384Z] Starting article generation cron job...
[2025-04-23T21:38:46.385Z] All services started successfully. Press Ctrl+C to stop all services.
[2025-04-23T21:48:42.731Z] Received SIGINT signal. Shutting down all processes...
[2025-04-23T21:48:42.734Z] Received SIGINT signal. Shutting down all processes...
[2025-04-23T21:48:42.740Z] Cron job process exited with code 0
[2025-04-23T21:48:42.842Z] Next.js process exited with code 0
[2025-04-24T01:40:37.627Z] Starting Next.js application...
[2025-04-24T01:40:37.656Z] Starting article generation cron job...
[2025-04-24T01:40:37.657Z] All services started successfully. Press Ctrl+C to stop all services.
[2025-04-24T01:44:00.249Z] Received SIGINT signal. Shutting down all processes...
[2025-04-24T01:44:00.251Z] Received SIGINT signal. Shutting down all processes...
[2025-04-24T01:44:00.256Z] Cron job process exited with code 0
[2025-04-24T01:44:00.331Z] Next.js process exited with code 0
[2025-04-24T01:44:04.982Z] Starting Next.js application...
[2025-04-24T01:44:04.993Z] Starting article generation cron job...
[2025-04-24T01:44:04.993Z] All services started successfully. Press Ctrl+C to stop all services.
[2025-04-24T01:47:00.303Z] Received SIGINT signal. Shutting down all processes...
[2025-04-24T01:47:00.308Z] Received SIGINT signal. Shutting down all processes...
[2025-04-24T01:47:00.312Z] Cron job process exited with code 0
[2025-04-24T01:47:00.394Z] Next.js process exited with code 0
[2025-04-24T01:47:31.302Z] Starting Next.js application...
[2025-04-24T01:47:31.329Z] Starting article generation cron job...
[2025-04-24T01:47:31.330Z] All services started successfully. Press Ctrl+C to stop all services.
[2025-04-24T01:47:43.454Z] Received SIGINT signal. Shutting down all processes...
[2025-04-24T01:47:43.456Z] Received SIGINT signal. Shutting down all processes...
[2025-04-24T01:47:43.459Z] Cron job process exited with code 0
[2025-04-24T01:47:43.498Z] Next.js process exited with code 0
[2025-04-24T01:48:20.008Z] Starting Next.js application...
[2025-04-24T01:48:20.019Z] Starting article generation cron job...
[2025-04-24T01:48:20.020Z] All services started successfully. Press Ctrl+C to stop all services.
[2025-04-24T01:49:28.541Z] Received SIGINT signal. Shutting down all processes...
[2025-04-24T01:49:28.543Z] Received SIGINT signal. Shutting down all processes...
[2025-04-24T01:49:28.546Z] Cron job process exited with code 0
[2025-04-24T01:49:28.620Z] Next.js process exited with code 0
[2025-04-24T01:50:12.166Z] Starting Next.js application...
[2025-04-24T01:50:12.193Z] Starting article generation cron job...
[2025-04-24T01:50:12.194Z] All services started successfully. Press Ctrl+C to stop all services.
[2025-04-24T02:51:45.146Z] Received SIGINT signal. Shutting down all processes...
[2025-04-24T02:51:45.161Z] Received SIGINT signal. Shutting down all processes...
[2025-04-24T02:51:45.176Z] Cron job process exited with code 0
[2025-04-24T02:51:45.273Z] Next.js process exited with code 0
[2025-04-24T02:54:12.692Z] Starting Next.js application...
[2025-04-24T02:54:12.722Z] Starting article generation cron job...
[2025-04-24T02:54:12.723Z] All services started successfully. Press Ctrl+C to stop all services.
[2025-04-24T03:39:28.068Z] Received SIGINT signal. Shutting down all processes...
[2025-04-24T03:39:28.081Z] Received SIGINT signal. Shutting down all processes...
[2025-04-24T03:39:28.089Z] Cron job process exited with code 0
[2025-04-24T03:39:28.238Z] Next.js process exited with code 0
[2025-04-24T03:39:30.803Z] Starting Next.js application...
[2025-04-24T03:39:30.826Z] Starting article generation cron job...
[2025-04-24T03:39:30.826Z] All services started successfully. Press Ctrl+C to stop all services.
[2025-04-24T03:57:09.029Z] Received SIGINT signal. Shutting down all processes...
[2025-04-24T03:57:09.038Z] Received SIGINT signal. Shutting down all processes...
[2025-04-24T03:57:09.049Z] Cron job process exited with code 0
[2025-04-24T03:57:09.216Z] Next.js process exited with code 0
[2025-04-24T03:58:05.188Z] Starting Next.js application...
[2025-04-24T03:58:05.214Z] Starting article generation cron job...
[2025-04-24T03:58:05.214Z] All services started successfully. Press Ctrl+C to stop all services.
[2025-04-24T03:58:58.900Z] Received SIGINT signal. Shutting down all processes...
[2025-04-24T03:58:58.904Z] Received SIGINT signal. Shutting down all processes...
[2025-04-24T03:58:58.909Z] Cron job process exited with code 0
[2025-04-24T03:58:59.016Z] Next.js process exited with code 0
