[2025-05-12T02:35:29.603Z] Starting Next.js application...
[2025-05-12T02:35:29.635Z] Starting article generation cron job...
[2025-05-12T02:35:29.636Z] All services started successfully. Press Ctrl+C to stop all services.
[2025-05-12T02:35:29.868Z] Next.js process exited with code 1
[2025-05-12T02:35:31.589Z] Received SIGINT signal. Shutting down all processes...
[2025-05-12T02:35:31.590Z] Received SIGINT signal. Shutting down all processes...
[2025-05-12T02:35:31.599Z] Cron job process exited with code 0
[2025-05-12T02:36:34.843Z] Starting Next.js application...
[2025-05-12T02:36:34.872Z] Starting article generation cron job...
[2025-05-12T02:36:34.873Z] All services started successfully. Press Ctrl+C to stop all services.
[2025-05-12T03:27:23.244Z] Received SIGINT signal. Shutting down all processes...
[2025-05-12T03:27:23.245Z] Received SIGINT signal. Shutting down all processes...
[2025-05-12T03:27:23.249Z] Cron job process exited with code 0
[2025-05-12T03:27:23.297Z] Next.js process exited with code 0
[2025-05-12T03:27:59.684Z] Starting Next.js application...
[2025-05-12T03:27:59.715Z] Starting article generation cron job...
[2025-05-12T03:27:59.716Z] All services started successfully. Press Ctrl+C to stop all services.
[2025-05-12T03:29:40.831Z] Received SIGINT signal. Shutting down all processes...
[2025-05-12T03:29:40.832Z] Received SIGINT signal. Shutting down all processes...
[2025-05-12T03:29:40.835Z] Cron job process exited with code 0
[2025-05-12T03:29:40.877Z] Next.js process exited with code 0
[2025-05-12T03:29:43.221Z] Starting Next.js application...
[2025-05-12T03:29:43.239Z] Starting article generation cron job...
[2025-05-12T03:29:43.239Z] All services started successfully. Press Ctrl+C to stop all services.
[2025-05-12T03:31:37.013Z] Received SIGINT signal. Shutting down all processes...
[2025-05-12T03:31:37.015Z] Received SIGINT signal. Shutting down all processes...
[2025-05-12T03:31:37.018Z] Cron job process exited with code 0
[2025-05-12T03:31:37.060Z] Next.js process exited with code 0
[2025-05-12T03:31:42.229Z] Starting Next.js application...
[2025-05-12T03:31:42.246Z] Starting article generation cron job...
[2025-05-12T03:31:42.246Z] All services started successfully. Press Ctrl+C to stop all services.
