[2025-04-30T01:01:00.190Z] Received SIGINT signal. Shutting down all processes...
[2025-04-30T01:01:00.195Z] Received SIGINT signal. Shutting down all processes...
[2025-04-30T01:01:00.212Z] Cron job process exited with code 0
[2025-04-30T01:01:00.382Z] Next.js process exited with code 0
[2025-04-30T01:01:09.237Z] Starting Next.js application...
[2025-04-30T01:01:09.261Z] Starting article generation cron job...
[2025-04-30T01:01:09.262Z] All services started successfully. Press Ctrl+C to stop all services.
[2025-04-30T01:01:10.772Z] Next.js process exited with code 0
[2025-04-30T01:02:39.505Z] Received SIGINT signal. Shutting down all processes...
[2025-04-30T01:02:39.507Z] Received SIGINT signal. Shutting down all processes...
[2025-04-30T01:02:39.512Z] Cron job process exited with code 0
[2025-04-30T01:02:43.034Z] Starting Next.js application...
[2025-04-30T01:02:43.045Z] Starting article generation cron job...
[2025-04-30T01:02:43.046Z] All services started successfully. Press Ctrl+C to stop all services.
[2025-04-30T01:02:44.810Z] Next.js process exited with code 0
[2025-04-30T01:03:39.434Z] Received SIGINT signal. Shutting down all processes...
[2025-04-30T01:03:39.436Z] Received SIGINT signal. Shutting down all processes...
[2025-04-30T01:03:39.440Z] Cron job process exited with code 0
[2025-04-30T01:03:44.707Z] Starting Next.js application...
[2025-04-30T01:03:44.717Z] Starting article generation cron job...
[2025-04-30T01:03:44.718Z] All services started successfully. Press Ctrl+C to stop all services.
[2025-04-30T01:04:58.034Z] Received SIGINT signal. Shutting down all processes...
[2025-04-30T01:04:58.037Z] Received SIGINT signal. Shutting down all processes...
[2025-04-30T01:04:58.041Z] Cron job process exited with code 0
[2025-04-30T01:04:58.117Z] Next.js process exited with code 0
[2025-04-30T01:06:44.294Z] Starting Next.js application...
[2025-04-30T01:06:44.318Z] Starting article generation cron job...
[2025-04-30T01:06:44.319Z] All services started successfully. Press Ctrl+C to stop all services.
[2025-04-30T01:15:24.782Z] Received SIGINT signal. Shutting down all processes...
[2025-04-30T01:15:24.785Z] Received SIGINT signal. Shutting down all processes...
[2025-04-30T01:15:24.793Z] Cron job process exited with code 0
[2025-04-30T01:15:24.931Z] Next.js process exited with code 0
[2025-04-30T01:15:27.289Z] Starting Next.js application...
[2025-04-30T01:15:27.300Z] Starting article generation cron job...
[2025-04-30T01:15:27.301Z] All services started successfully. Press Ctrl+C to stop all services.
[2025-04-30T01:15:28.730Z] Next.js process exited with code 0
[2025-04-30T01:21:10.607Z] Received SIGINT signal. Shutting down all processes...
[2025-04-30T01:21:10.608Z] Received SIGINT signal. Shutting down all processes...
[2025-04-30T01:21:10.610Z] Cron job process exited with code 0
[2025-04-30T01:21:13.082Z] Starting Next.js application...
[2025-04-30T01:21:13.093Z] Starting article generation cron job...
[2025-04-30T01:21:13.093Z] All services started successfully. Press Ctrl+C to stop all services.
[2025-04-30T01:32:07.474Z] Received SIGINT signal. Shutting down all processes...
[2025-04-30T01:32:07.476Z] Received SIGINT signal. Shutting down all processes...
[2025-04-30T01:32:07.480Z] Cron job process exited with code 0
[2025-04-30T01:32:07.574Z] Next.js process exited with code 0
[2025-04-30T01:32:08.403Z] Received SIGINT signal. Shutting down all processes...
[2025-04-30T01:32:08.405Z] Received SIGINT signal. Shutting down all processes...
[2025-04-30T01:34:00.826Z] Starting Next.js application...
[2025-04-30T01:34:00.885Z] Starting article generation cron job...
[2025-04-30T01:34:00.888Z] All services started successfully. Press Ctrl+C to stop all services.
[2025-04-30T01:41:05.509Z] Received SIGINT signal. Shutting down all processes...
[2025-04-30T01:41:05.514Z] Received SIGINT signal. Shutting down all processes...
[2025-04-30T01:41:05.522Z] Cron job process exited with code 0
[2025-04-30T01:41:05.676Z] Next.js process exited with code 0
[2025-04-30T01:41:08.150Z] Starting Next.js application...
[2025-04-30T01:41:08.174Z] Starting article generation cron job...
[2025-04-30T01:41:08.175Z] All services started successfully. Press Ctrl+C to stop all services.
[2025-04-30T01:51:47.532Z] Received SIGINT signal. Shutting down all processes...
[2025-04-30T01:51:47.537Z] Received SIGINT signal. Shutting down all processes...
[2025-04-30T01:51:47.541Z] Cron job process exited with code 0
[2025-04-30T01:51:47.640Z] Next.js process exited with code 0
[2025-04-30T01:51:52.395Z] Starting Next.js application...
[2025-04-30T01:51:52.419Z] Starting article generation cron job...
[2025-04-30T01:51:52.419Z] All services started successfully. Press Ctrl+C to stop all services.
[2025-04-30T01:54:36.523Z] Received SIGINT signal. Shutting down all processes...
[2025-04-30T01:54:36.526Z] Received SIGINT signal. Shutting down all processes...
[2025-04-30T01:54:36.531Z] Cron job process exited with code 0
[2025-04-30T01:54:36.630Z] Next.js process exited with code 0
[2025-04-30T01:54:39.360Z] Starting Next.js application...
[2025-04-30T01:54:39.371Z] Starting article generation cron job...
[2025-04-30T01:54:39.372Z] All services started successfully. Press Ctrl+C to stop all services.
[2025-04-30T01:56:05.076Z] Received SIGINT signal. Shutting down all processes...
[2025-04-30T01:56:05.080Z] Received SIGINT signal. Shutting down all processes...
[2025-04-30T01:56:05.084Z] Cron job process exited with code 0
[2025-04-30T01:56:05.143Z] Next.js process exited with code 0
[2025-04-30T01:56:07.227Z] Starting Next.js application...
[2025-04-30T01:56:07.238Z] Starting article generation cron job...
[2025-04-30T01:56:07.239Z] All services started successfully. Press Ctrl+C to stop all services.
[2025-04-30T01:57:55.004Z] Received SIGINT signal. Shutting down all processes...
[2025-04-30T01:57:55.007Z] Received SIGINT signal. Shutting down all processes...
[2025-04-30T01:57:55.011Z] Cron job process exited with code 0
[2025-04-30T01:57:55.070Z] Next.js process exited with code 0
[2025-04-30T01:57:57.554Z] Starting Next.js application...
[2025-04-30T01:57:57.565Z] Starting article generation cron job...
[2025-04-30T01:57:57.566Z] All services started successfully. Press Ctrl+C to stop all services.
[2025-04-30T02:02:16.088Z] Received SIGINT signal. Shutting down all processes...
[2025-04-30T02:02:16.091Z] Received SIGINT signal. Shutting down all processes...
[2025-04-30T02:02:16.096Z] Cron job process exited with code 0
[2025-04-30T02:02:16.179Z] Next.js process exited with code 0
[2025-04-30T02:03:03.289Z] Starting Next.js application...
[2025-04-30T02:03:03.319Z] Starting article generation cron job...
[2025-04-30T02:03:03.320Z] All services started successfully. Press Ctrl+C to stop all services.
[2025-04-30T02:04:28.218Z] Received SIGINT signal. Shutting down all processes...
[2025-04-30T02:04:28.221Z] Received SIGINT signal. Shutting down all processes...
[2025-04-30T02:04:28.225Z] Cron job process exited with code 0
[2025-04-30T02:04:28.285Z] Next.js process exited with code 0
[2025-04-30T02:06:14.657Z] Starting Next.js application...
[2025-04-30T02:06:14.687Z] Starting article generation cron job...
[2025-04-30T02:06:14.688Z] All services started successfully. Press Ctrl+C to stop all services.
[2025-04-30T02:10:54.085Z] Received SIGINT signal. Shutting down all processes...
[2025-04-30T02:10:54.088Z] Received SIGINT signal. Shutting down all processes...
[2025-04-30T02:10:54.092Z] Cron job process exited with code 0
[2025-04-30T02:10:54.152Z] Next.js process exited with code 0
[2025-04-30T02:10:57.433Z] Starting Next.js application...
[2025-04-30T02:10:57.444Z] Starting article generation cron job...
[2025-04-30T02:10:57.445Z] All services started successfully. Press Ctrl+C to stop all services.
