[2025-04-24T04:17:05.588Z] Starting Next.js application...
[2025-04-24T04:17:05.617Z] Starting article generation cron job...
[2025-04-24T04:17:05.617Z] All services started successfully. Press Ctrl+C to stop all services.
[2025-04-24T09:03:14.180Z] Received SIGINT signal. Shutting down all processes...
[2025-04-24T09:03:14.190Z] Received SIGINT signal. Shutting down all processes...
[2025-04-24T09:03:14.203Z] Cron job process exited with code 0
[2025-04-24T09:03:14.430Z] Next.js process exited with code 0
[2025-04-24T09:03:33.111Z] Starting Next.js application...
[2025-04-24T09:03:33.136Z] Starting article generation cron job...
[2025-04-24T09:03:33.137Z] All services started successfully. Press Ctrl+C to stop all services.
[2025-04-24T15:00:26.782Z] Received SIGINT signal. Shutting down all processes...
[2025-04-24T15:00:26.786Z] Received SIGINT signal. Shutting down all processes...
[2025-04-24T15:00:26.923Z] Next.js process exited with code 0
[2025-04-24T15:00:30.048Z] Starting Next.js application...
[2025-04-24T15:00:30.072Z] Starting article generation cron job...
[2025-04-24T15:00:30.073Z] All services started successfully. Press Ctrl+C to stop all services.
[2025-04-24T15:41:20.172Z] Received SIGINT signal. Shutting down all processes...
[2025-04-24T15:41:20.178Z] Received SIGINT signal. Shutting down all processes...
[2025-04-24T15:41:20.183Z] Cron job process exited with code 0
[2025-04-24T15:41:20.434Z] Next.js process exited with code 0
[2025-04-24T15:41:44.188Z] Starting Next.js application...
[2025-04-24T15:41:44.209Z] Starting article generation cron job...
[2025-04-24T15:41:44.210Z] All services started successfully. Press Ctrl+C to stop all services.
[2025-04-24T15:44:34.279Z] Received SIGINT signal. Shutting down all processes...
[2025-04-24T15:44:34.282Z] Received SIGINT signal. Shutting down all processes...
[2025-04-24T15:44:34.286Z] Cron job process exited with code 0
[2025-04-24T15:44:34.349Z] Next.js process exited with code 0
[2025-04-24T15:44:38.034Z] Starting Next.js application...
[2025-04-24T15:44:38.044Z] Starting article generation cron job...
[2025-04-24T15:44:38.045Z] All services started successfully. Press Ctrl+C to stop all services.
[2025-04-24T15:45:22.114Z] Received SIGINT signal. Shutting down all processes...
[2025-04-24T15:45:22.115Z] Received SIGINT signal. Shutting down all processes...
[2025-04-24T15:45:22.118Z] Cron job process exited with code 0
[2025-04-24T15:45:22.150Z] Next.js process exited with code 0
[2025-04-24T15:45:25.444Z] Starting Next.js application...
[2025-04-24T15:45:25.455Z] Starting article generation cron job...
[2025-04-24T15:45:25.455Z] All services started successfully. Press Ctrl+C to stop all services.
[2025-04-24T17:01:49.856Z] Received SIGINT signal. Shutting down all processes...
[2025-04-24T17:01:49.867Z] Received SIGINT signal. Shutting down all processes...
[2025-04-24T17:01:49.877Z] Cron job process exited with code 0
[2025-04-24T17:01:50.086Z] Next.js process exited with code 0
[2025-04-24T17:07:03.034Z] Starting Next.js application...
[2025-04-24T17:07:03.058Z] Starting article generation cron job...
[2025-04-24T17:07:03.059Z] All services started successfully. Press Ctrl+C to stop all services.
[2025-04-24T17:08:09.716Z] Received SIGINT signal. Shutting down all processes...
[2025-04-24T17:08:09.719Z] Received SIGINT signal. Shutting down all processes...
[2025-04-24T17:08:09.723Z] Cron job process exited with code 0
[2025-04-24T17:08:09.807Z] Next.js process exited with code 0
