[2025-04-23T21:12:09.835Z] Starting Next.js application...
[2025-04-23T21:12:09.846Z] Starting article generation cron job...
[2025-04-23T21:12:09.847Z] All services started successfully. Press Ctrl+C to stop all services.
[2025-04-23T21:16:55.991Z] Received SIGINT signal. Shutting down all processes...
[2025-04-23T21:16:55.993Z] Received SIGINT signal. Shutting down all processes...
[2025-04-23T21:16:55.996Z] Cron job process exited with code 0
[2025-04-23T21:16:56.088Z] Next.js process exited with code 0
[2025-04-23T21:17:51.536Z] Starting Next.js application...
[2025-04-23T21:17:51.547Z] Starting article generation cron job...
[2025-04-23T21:17:51.547Z] All services started successfully. Press Ctrl+C to stop all services.
[2025-04-23T21:23:01.786Z] Received SIGINT signal. Shutting down all processes...
[2025-04-23T21:23:01.790Z] Received SIGINT signal. Shutting down all processes...
[2025-04-23T21:23:01.794Z] Cron job process exited with code 0
[2025-04-23T21:23:01.860Z] Next.js process exited with code 0
[2025-04-23T21:23:05.500Z] Starting Next.js application...
[2025-04-23T21:23:05.512Z] Starting article generation cron job...
[2025-04-23T21:23:05.512Z] All services started successfully. Press Ctrl+C to stop all services.
[2025-04-23T21:30:11.206Z] Received SIGINT signal. Shutting down all processes...
[2025-04-23T21:30:11.209Z] Received SIGINT signal. Shutting down all processes...
[2025-04-23T21:30:11.214Z] Cron job process exited with code 0
[2025-04-23T21:30:11.298Z] Next.js process exited with code 0
[2025-04-23T21:31:04.873Z] Starting Next.js application...
[2025-04-23T21:31:04.898Z] Starting article generation cron job...
[2025-04-23T21:31:04.899Z] All services started successfully. Press Ctrl+C to stop all services.
[2025-04-23T21:35:50.691Z] Received SIGINT signal. Shutting down all processes...
[2025-04-23T21:35:50.693Z] Received SIGINT signal. Shutting down all processes...
[2025-04-23T21:35:50.697Z] Cron job process exited with code 0
[2025-04-23T21:35:50.788Z] Next.js process exited with code 0
[2025-04-23T21:38:46.374Z] Starting Next.js application...
[2025-04-23T21:38:46.384Z] Starting article generation cron job...
[2025-04-23T21:38:46.385Z] All services started successfully. Press Ctrl+C to stop all services.
